0 info it worked if it ends with ok
1 verbose cli [ '/usr/bin/nodejs',
1 verbose cli   '/usr/bin/npm',
1 verbose cli   'install',
1 verbose cli   'tape',
1 verbose cli   'tape-diff',
1 verbose cli   'express',
1 verbose cli   'express-handlebars' ]
2 info using npm@3.5.2
3 info using node@v4.2.6
4 silly loadCurrentTree Starting
5 silly install loadCurrentTree
6 silly install readLocalPackageData
7 silly fetchPackageMetaData tape
8 silly fetchPackageMetaData tape-diff
9 silly fetchPackageMetaData express
10 silly fetchPackageMetaData express-handlebars
11 silly fetchNamedPackageData tape
12 silly mapToRegistry name tape
13 silly mapToRegistry using default registry
14 silly mapToRegistry registry https://registry.npmjs.org/
15 silly mapToRegistry uri https://registry.npmjs.org/tape
16 silly fetchNamedPackageData tape-diff
17 silly mapToRegistry name tape-diff
18 silly mapToRegistry using default registry
19 silly mapToRegistry registry https://registry.npmjs.org/
20 silly mapToRegistry uri https://registry.npmjs.org/tape-diff
21 silly fetchNamedPackageData express
22 silly mapToRegistry name express
23 silly mapToRegistry using default registry
24 silly mapToRegistry registry https://registry.npmjs.org/
25 silly mapToRegistry uri https://registry.npmjs.org/express
26 silly fetchNamedPackageData express-handlebars
27 silly mapToRegistry name express-handlebars
28 silly mapToRegistry using default registry
29 silly mapToRegistry registry https://registry.npmjs.org/
30 silly mapToRegistry uri https://registry.npmjs.org/express-handlebars
31 verbose request uri https://registry.npmjs.org/tape-diff
32 verbose request no auth needed
33 info attempt registry request try #1 at 5:00:17 PM
34 verbose request id f4c0c7297c0998bc
35 http request GET https://registry.npmjs.org/tape-diff
36 verbose request uri https://registry.npmjs.org/tape
37 verbose request no auth needed
38 info attempt registry request try #1 at 5:00:17 PM
39 verbose etag W/"59519dc6-2442c"
40 verbose lastModified Mon, 26 Jun 2017 23:50:30 GMT
41 http request GET https://registry.npmjs.org/tape
42 verbose request uri https://registry.npmjs.org/express-handlebars
43 verbose request no auth needed
44 info attempt registry request try #1 at 5:00:17 PM
45 verbose etag W/"5907e5fb-b1b3"
46 verbose lastModified Tue, 02 May 2017 01:50:51 GMT
47 http request GET https://registry.npmjs.org/express-handlebars
48 verbose request uri https://registry.npmjs.org/express
49 verbose request no auth needed
50 info attempt registry request try #1 at 5:00:17 PM
51 verbose etag W/"59644c7c-8d152"
52 verbose lastModified Tue, 11 Jul 2017 03:56:44 GMT
53 http request GET https://registry.npmjs.org/express
54 http 304 https://registry.npmjs.org/express-handlebars
55 verbose headers { date: 'Thu, 13 Jul 2017 05:00:17 GMT',
55 verbose headers   via: '1.1 varnish',
55 verbose headers   'cache-control': 'max-age=300',
55 verbose headers   etag: 'W/"5907e5fb-b1b3"',
55 verbose headers   age: '0',
55 verbose headers   connection: 'keep-alive',
55 verbose headers   'x-served-by': 'cache-wlg7321-WLG',
55 verbose headers   'x-cache': 'MISS',
55 verbose headers   'x-cache-hits': '0',
55 verbose headers   'x-timer': 'S1499922018.768894,VS0,VE39',
55 verbose headers   vary: 'Accept-Encoding, Accept' }
56 silly get cb [ 304,
56 silly get   { date: 'Thu, 13 Jul 2017 05:00:17 GMT',
56 silly get     via: '1.1 varnish',
56 silly get     'cache-control': 'max-age=300',
56 silly get     etag: 'W/"5907e5fb-b1b3"',
56 silly get     age: '0',
56 silly get     connection: 'keep-alive',
56 silly get     'x-served-by': 'cache-wlg7321-WLG',
56 silly get     'x-cache': 'MISS',
56 silly get     'x-cache-hits': '0',
56 silly get     'x-timer': 'S1499922018.768894,VS0,VE39',
56 silly get     vary: 'Accept-Encoding, Accept' } ]
57 verbose etag https://registry.npmjs.org/express-handlebars from cache
58 verbose get saving express-handlebars to /home/yoshi/.npm/registry.npmjs.org/express-handlebars/.cache.json
59 http 304 https://registry.npmjs.org/express
60 verbose headers { date: 'Thu, 13 Jul 2017 05:00:17 GMT',
60 verbose headers   via: '1.1 varnish',
60 verbose headers   'cache-control': 'max-age=300',
60 verbose headers   etag: 'W/"59644c7c-8d152"',
60 verbose headers   age: '0',
60 verbose headers   connection: 'keep-alive',
60 verbose headers   'x-served-by': 'cache-wlg7321-WLG',
60 verbose headers   'x-cache': 'MISS',
60 verbose headers   'x-cache-hits': '0',
60 verbose headers   'x-timer': 'S1499922018.768964,VS0,VE39',
60 verbose headers   vary: 'Accept-Encoding, Accept' }
61 silly get cb [ 304,
61 silly get   { date: 'Thu, 13 Jul 2017 05:00:17 GMT',
61 silly get     via: '1.1 varnish',
61 silly get     'cache-control': 'max-age=300',
61 silly get     etag: 'W/"59644c7c-8d152"',
61 silly get     age: '0',
61 silly get     connection: 'keep-alive',
61 silly get     'x-served-by': 'cache-wlg7321-WLG',
61 silly get     'x-cache': 'MISS',
61 silly get     'x-cache-hits': '0',
61 silly get     'x-timer': 'S1499922018.768964,VS0,VE39',
61 silly get     vary: 'Accept-Encoding, Accept' } ]
62 verbose etag https://registry.npmjs.org/express from cache
63 verbose get saving express to /home/yoshi/.npm/registry.npmjs.org/express/.cache.json
64 http 304 https://registry.npmjs.org/tape
65 verbose headers { date: 'Thu, 13 Jul 2017 05:00:17 GMT',
65 verbose headers   via: '1.1 varnish',
65 verbose headers   'cache-control': 'max-age=300',
65 verbose headers   etag: 'W/"59519dc6-2442c"',
65 verbose headers   age: '0',
65 verbose headers   connection: 'keep-alive',
65 verbose headers   'x-served-by': 'cache-wlg7321-WLG',
65 verbose headers   'x-cache': 'MISS',
65 verbose headers   'x-cache-hits': '0',
65 verbose headers   'x-timer': 'S1499922018.768956,VS0,VE71',
65 verbose headers   vary: 'Accept-Encoding, Accept' }
66 silly get cb [ 304,
66 silly get   { date: 'Thu, 13 Jul 2017 05:00:17 GMT',
66 silly get     via: '1.1 varnish',
66 silly get     'cache-control': 'max-age=300',
66 silly get     etag: 'W/"59519dc6-2442c"',
66 silly get     age: '0',
66 silly get     connection: 'keep-alive',
66 silly get     'x-served-by': 'cache-wlg7321-WLG',
66 silly get     'x-cache': 'MISS',
66 silly get     'x-cache-hits': '0',
66 silly get     'x-timer': 'S1499922018.768956,VS0,VE71',
66 silly get     vary: 'Accept-Encoding, Accept' } ]
67 verbose etag https://registry.npmjs.org/tape from cache
68 verbose get saving tape to /home/yoshi/.npm/registry.npmjs.org/tape/.cache.json
69 http 404 https://registry.npmjs.org/tape-diff
70 verbose headers { 'content-type': 'application/json',
70 verbose headers   'cache-control': 'max-age=0',
70 verbose headers   'content-length': '2',
70 verbose headers   'accept-ranges': 'bytes',
70 verbose headers   date: 'Thu, 13 Jul 2017 05:00:18 GMT',
70 verbose headers   via: '1.1 varnish',
70 verbose headers   age: '0',
70 verbose headers   connection: 'keep-alive',
70 verbose headers   'x-served-by': 'cache-wlg7321-WLG',
70 verbose headers   'x-cache': 'MISS',
70 verbose headers   'x-cache-hits': '0',
70 verbose headers   'x-timer': 'S1499922018.769055,VS0,VE1020',
70 verbose headers   vary: 'Accept-Encoding' }
71 silly get cb [ 404,
71 silly get   { 'content-type': 'application/json',
71 silly get     'cache-control': 'max-age=0',
71 silly get     'content-length': '2',
71 silly get     'accept-ranges': 'bytes',
71 silly get     date: 'Thu, 13 Jul 2017 05:00:18 GMT',
71 silly get     via: '1.1 varnish',
71 silly get     age: '0',
71 silly get     connection: 'keep-alive',
71 silly get     'x-served-by': 'cache-wlg7321-WLG',
71 silly get     'x-cache': 'MISS',
71 silly get     'x-cache-hits': '0',
71 silly get     'x-timer': 'S1499922018.769055,VS0,VE1020',
71 silly get     vary: 'Accept-Encoding' } ]
72 silly fetchPackageMetaData Error: Registry returned 404 for GET on https://registry.npmjs.org/tape-diff
72 silly fetchPackageMetaData     at makeError (/usr/share/npm/node_modules/npm-registry-client/lib/request.js:264:12)
72 silly fetchPackageMetaData     at CachingRegistryClient.<anonymous> (/usr/share/npm/node_modules/npm-registry-client/lib/request.js:242:14)
72 silly fetchPackageMetaData     at Request._callback (/usr/share/npm/node_modules/npm-registry-client/lib/request.js:172:14)
72 silly fetchPackageMetaData     at Request.self.callback (/usr/share/npm/node_modules/request/request.js:198:22)
72 silly fetchPackageMetaData     at emitTwo (events.js:87:13)
72 silly fetchPackageMetaData     at Request.emit (events.js:172:7)
72 silly fetchPackageMetaData     at Request.<anonymous> (/usr/share/npm/node_modules/request/request.js:1082:10)
72 silly fetchPackageMetaData     at emitOne (events.js:82:20)
72 silly fetchPackageMetaData     at Request.emit (events.js:169:7)
72 silly fetchPackageMetaData     at IncomingMessage.<anonymous> (/usr/share/npm/node_modules/request/request.js:1009:12)
72 silly fetchPackageMetaData  error for tape-diff { [Error: Registry returned 404 for GET on https://registry.npmjs.org/tape-diff] pkgid: 'tape-diff', statusCode: 404, code: 'E404' }
73 silly rollbackFailedOptional Starting
74 silly rollbackFailedOptional Finishing
75 silly runTopLevelLifecycles Starting
76 silly runTopLevelLifecycles Finishing
77 silly install printInstalled
78 verbose stack Error: Registry returned 404 for GET on https://registry.npmjs.org/tape-diff
78 verbose stack     at makeError (/usr/share/npm/node_modules/npm-registry-client/lib/request.js:264:12)
78 verbose stack     at CachingRegistryClient.<anonymous> (/usr/share/npm/node_modules/npm-registry-client/lib/request.js:242:14)
78 verbose stack     at Request._callback (/usr/share/npm/node_modules/npm-registry-client/lib/request.js:172:14)
78 verbose stack     at Request.self.callback (/usr/share/npm/node_modules/request/request.js:198:22)
78 verbose stack     at emitTwo (events.js:87:13)
78 verbose stack     at Request.emit (events.js:172:7)
78 verbose stack     at Request.<anonymous> (/usr/share/npm/node_modules/request/request.js:1082:10)
78 verbose stack     at emitOne (events.js:82:20)
78 verbose stack     at Request.emit (events.js:169:7)
78 verbose stack     at IncomingMessage.<anonymous> (/usr/share/npm/node_modules/request/request.js:1009:12)
79 verbose statusCode 404
80 verbose pkgid tape-diff
81 verbose cwd /home/yoshi/workspace/projects/Happy-Adventure-Friends
82 error Linux 4.8.0-36-generic
83 error argv "/usr/bin/nodejs" "/usr/bin/npm" "install" "tape" "tape-diff" "express" "express-handlebars"
84 error node v4.2.6
85 error npm  v3.5.2
86 error code E404
87 error 404 Registry returned 404 for GET on https://registry.npmjs.org/tape-diff
88 error 404
89 error 404 'tape-diff' is not in the npm registry.
90 error 404 You should bug the author to publish it (or use the name yourself!)
91 error 404 Note that you can also install from a
92 error 404 tarball, folder, http url, or git url.
93 verbose exit [ 1, true ]
